OnlineStore/app/build/intermediates/manifest_merge_blame_file/debug/manifest-merger-blame-debug-report.txt
1<?xml version="1.0" encoding="utf-8"?>
2<manifest xmlns:android="http://schemas.android.com/apk/res/android"
3    package="com.example.onlinestore"
4    android:versionCode="1"
5    android:versionName="1.0" >
6
7    <uses-sdk
8        android:minSdkVersion="21"
8-->src\main\AndroidManifest.xml
9        android:targetSdkVersion="32" />
9-->src\main\AndroidManifest.xml
10
11    <uses-permission android:name="android.permission.INTERNET" />
11-->src\main\AndroidManifest.xml:6:5-67
11-->src\main\AndroidManifest.xml:6:22-64
12    <uses-permission android:name="android.permission.ACCESS_NETWORK_STATE" />
12-->[com.paypal.sdk:paypal-android-sdk:2.16.0] AndroidManifest.xml:9:5-79
12-->[com.paypal.sdk:paypal-android-sdk:2.16.0] AndroidManifest.xml:9:22-76
13    <uses-permission android:name="android.permission.CAMERA" />
13-->[io.card:android-sdk:5.5.1] AndroidManifest.xml:9:5-65
13-->[io.card:android-sdk:5.5.1] AndroidManifest.xml:9:22-62
14    <uses-permission android:name="android.permission.VIBRATE" />
14-->[io.card:android-sdk:5.5.1] AndroidManifest.xml:10:5-66
14-->[io.card:android-sdk:5.5.1] AndroidManifest.xml:10:22-63
15
16    <uses-feature
16-->[io.card:android-sdk:5.5.1] AndroidManifest.xml:12:5-14:36
17        android:name="android.hardware.camera"
17-->[io.card:android-sdk:5.5.1] AndroidManifest.xml:13:9-47
18        android:required="false" />
18-->[io.card:android-sdk:5.5.1] AndroidManifest.xml:14:9-33
19    <uses-feature
19-->[io.card:android-sdk:5.5.1] AndroidManifest.xml:15:5-17:36
20        android:name="android.hardware.camera.autofocus"
20-->[io.card:android-sdk:5.5.1] AndroidManifest.xml:16:9-57
21        android:required="false" />
21-->[io.card:android-sdk:5.5.1] AndroidManifest.xml:17:9-33
22
23    <application
23-->src\main\AndroidManifest.xml:8:5-41:19
24        android:allowBackup="true"
24-->src\main\AndroidManifest.xml:9:9-35
25        android:appComponentFactory="androidx.core.app.CoreComponentFactory"
25-->[androidx.core:core:1.7.0] AndroidManifest.xml:24:18-86
26        android:debuggable="true"
27        android:icon="@mipmap/ic_launcher"
27-->src\main\AndroidManifest.xml:10:9-43
28        android:label="@string/app_name"
28-->src\main\AndroidManifest.xml:11:9-41
29        android:roundIcon="@mipmap/ic_launcher_round"
29-->src\main\AndroidManifest.xml:12:9-54
30        android:supportsRtl="true"
30-->src\main\AndroidManifest.xml:13:9-35
31        android:testOnly="true"
32        android:theme="@style/Theme.OnlineStore"
32-->src\main\AndroidManifest.xml:14:9-49
33        android:usesCleartextTraffic="true" >
33-->src\main\AndroidManifest.xml:15:9-44
34        <activity
34-->src\main\AndroidManifest.xml:16:9-19:43
35            android:name="com.example.onlinestore.FinaliseShoppingActivity"
35-->src\main\AndroidManifest.xml:17:13-53
36            android:exported="false" />
36-->src\main\AndroidManifest.xml:18:13-37
37        <activity
37-->src\main\AndroidManifest.xml:20:9-22:40
38            android:name="com.example.onlinestore.CartProductsActivity"
38-->src\main\AndroidManifest.xml:21:13-49
39            android:exported="false" />
39-->src\main\AndroidManifest.xml:22:13-37
40        <activity
40-->src\main\AndroidManifest.xml:23:9-25:40
41            android:name="com.example.onlinestore.FetchEProductsActivity"
41-->src\main\AndroidManifest.xml:24:13-51
42            android:exported="false" />
42-->src\main\AndroidManifest.xml:25:13-37
43        <activity
43-->src\main\AndroidManifest.xml:26:9-28:40
44            android:name="com.example.onlinestore.HomeScreen"
44-->src\main\AndroidManifest.xml:27:13-39
45            android:exported="false" />
45-->src\main\AndroidManifest.xml:28:13-37
46        <activity
46-->src\main\AndroidManifest.xml:29:9-31:40
47            android:name="com.example.onlinestore.SignupActivity"
47-->src\main\AndroidManifest.xml:30:13-43
48            android:exported="false" />
48-->src\main\AndroidManifest.xml:31:13-37
49        <activity
49-->src\main\AndroidManifest.xml:32:9-40:20
50            android:name="com.example.onlinestore.MainActivity"
50-->src\main\AndroidManifest.xml:33:13-41
51            android:exported="true" >
51-->src\main\AndroidManifest.xml:34:13-36
52            <intent-filter>
52-->src\main\AndroidManifest.xml:35:13-39:29
53                <action android:name="android.intent.action.MAIN" />
53-->src\main\AndroidManifest.xml:36:17-69
53-->src\main\AndroidManifest.xml:36:25-66
54
55                <category android:name="android.intent.category.LAUNCHER" />
55-->src\main\AndroidManifest.xml:38:17-77
55-->src\main\AndroidManifest.xml:38:27-74
56            </intent-filter>
57        </activity>
58
59        <provider
59-->[com.squareup.picasso:picasso:2.71828] AndroidManifest.xml:8:9-11:40
60            android:name="com.squareup.picasso.PicassoProvider"
60-->[com.squareup.picasso:picasso:2.71828] AndroidManifest.xml:9:13-64
61            android:authorities="com.example.onlinestore.com.squareup.picasso"
61-->[com.squareup.picasso:picasso:2.71828] AndroidManifest.xml:10:13-72
62            android:exported="false" />
62-->[com.squareup.picasso:picasso:2.71828] AndroidManifest.xml:11:13-37
63
64        <activity android:name="com.paypal.android.sdk.payments.PaymentActivity" />
64-->[com.paypal.sdk:paypal-android-sdk:2.16.0] AndroidManifest.xml:13:9-84
64-->[com.paypal.sdk:paypal-android-sdk:2.16.0] AndroidManifest.xml:13:19-81
65        <activity android:name="com.paypal.android.sdk.payments.PaymentMethodActivity" />
65-->[com.paypal.sdk:paypal-android-sdk:2.16.0] AndroidManifest.xml:14:9-90
65-->[com.paypal.sdk:paypal-android-sdk:2.16.0] AndroidManifest.xml:14:19-87
66        <activity android:name="com.paypal.android.sdk.payments.PaymentConfirmActivity" />
66-->[com.paypal.sdk:paypal-android-sdk:2.16.0] AndroidManifest.xml:15:9-91
66-->[com.paypal.sdk:paypal-android-sdk:2.16.0] AndroidManifest.xml:15:19-88
67        <activity android:name="com.paypal.android.sdk.payments.LoginActivity" />
67-->[com.paypal.sdk:paypal-android-sdk:2.16.0] AndroidManifest.xml:16:9-82
67-->[com.paypal.sdk:paypal-android-sdk:2.16.0] AndroidManifest.xml:16:19-79
68        <activity android:name="com.paypal.android.sdk.payments.PayPalFuturePaymentActivity" />
68-->[com.paypal.sdk:paypal-android-sdk:2.16.0] AndroidManifest.xml:17:9-96
68-->[com.paypal.sdk:paypal-android-sdk:2.16.0] AndroidManifest.xml:17:19-93
69        <activity android:name="com.paypal.android.sdk.payments.FuturePaymentConsentActivity" />
69-->[com.paypal.sdk:paypal-android-sdk:2.16.0] AndroidManifest.xml:18:9-97
69-->[com.paypal.sdk:paypal-android-sdk:2.16.0] AndroidManifest.xml:18:19-94
70        <activity android:name="com.paypal.android.sdk.payments.FuturePaymentInfoActivity" />
70-->[com.paypal.sdk:paypal-android-sdk:2.16.0] AndroidManifest.xml:19:9-94
70-->[com.paypal.sdk:paypal-android-sdk:2.16.0] AndroidManifest.xml:19:19-91
71        <activity android:name="com.paypal.android.sdk.payments.PayPalProfileSharingActivity" />
71-->[com.paypal.sdk:paypal-android-sdk:2.16.0] AndroidManifest.xml:20:9-97
71-->[com.paypal.sdk:paypal-android-sdk:2.16.0] AndroidManifest.xml:20:19-94
72        <activity android:name="com.paypal.android.sdk.payments.ProfileSharingConsentActivity" />
72-->[com.paypal.sdk:paypal-android-sdk:2.16.0] AndroidManifest.xml:21:9-98
72-->[com.paypal.sdk:paypal-android-sdk:2.16.0] AndroidManifest.xml:21:19-95
73
74        <service
74-->[com.paypal.sdk:paypal-android-sdk:2.16.0] AndroidManifest.xml:23:9-25:40
75            android:name="com.paypal.android.sdk.payments.PayPalService"
75-->[com.paypal.sdk:paypal-android-sdk:2.16.0] AndroidManifest.xml:24:13-73
76            android:exported="false" />
76-->[com.paypal.sdk:paypal-android-sdk:2.16.0] AndroidManifest.xml:25:13-37
77
78        <provider
78-->[androidx.emoji2:emoji2:1.0.0] AndroidManifest.xml:26:9-34:20
79            android:name="androidx.startup.InitializationProvider"
79-->[androidx.emoji2:emoji2:1.0.0] AndroidManifest.xml:27:13-67
80            android:authorities="com.example.onlinestore.androidx-startup"
80-->[androidx.emoji2:emoji2:1.0.0] AndroidManifest.xml:28:13-68
81            android:exported="false" >
81-->[androidx.emoji2:emoji2:1.0.0] AndroidManifest.xml:29:13-37
82            <meta-data
82-->[androidx.emoji2:emoji2:1.0.0] AndroidManifest.xml:31:13-33:52
83                android:name="androidx.emoji2.text.EmojiCompatInitializer"
83-->[androidx.emoji2:emoji2:1.0.0] AndroidManifest.xml:32:17-75
84                android:value="androidx.startup" />
84-->[androidx.emoji2:emoji2:1.0.0] AndroidManifest.xml:33:17-49
85            <meta-data
85-->[androidx.lifecycle:lifecycle-process:2.4.0] AndroidManifest.xml:31:13-33:52
86                android:name="androidx.lifecycle.ProcessLifecycleInitializer"
86-->[androidx.lifecycle:lifecycle-process:2.4.0] AndroidManifest.xml:32:17-78
87                android:value="androidx.startup" />
87-->[androidx.lifecycle:lifecycle-process:2.4.0] AndroidManifest.xml:33:17-49
88        </provider>
89
90        <activity
90-->[io.card:android-sdk:5.5.1] AndroidManifest.xml:20:9-22:66
91            android:name="io.card.payment.CardIOActivity"
91-->[io.card:android-sdk:5.5.1] AndroidManifest.xml:21:13-58
92            android:configChanges="keyboardHidden|orientation" />
92-->[io.card:android-sdk:5.5.1] AndroidManifest.xml:22:13-63
93        <activity android:name="io.card.payment.DataEntryActivity" />
93-->[io.card:android-sdk:5.5.1] AndroidManifest.xml:23:9-70
93-->[io.card:android-sdk:5.5.1] AndroidManifest.xml:23:19-67
94    </application>
95
96</manifest>